<?xml version="1.0" encoding="UTF-8"?>
<testsuite xmlns:xsi="http://www.w3.org/2001/XMLSchema-instance" xsi:schemaLocation="https://maven.apache.org/surefire/maven-surefire-plugin/xsd/surefire-test-report.xsd" name="com.yourcompany.SampleSauceTest" time="113.202" tests="20" errors="0" skipped="0" failures="8">
  <properties>
    <property name="java.runtime.name" value="Java(TM) SE Runtime Environment"/>
    <property name="sun.boot.library.path" value="/Library/Java/JavaVirtualMachines/jdk1.8.0_271.jdk/Contents/Home/jre/lib"/>
    <property name="java.vm.version" value="25.271-b09"/>
    <property name="gopherProxySet" value="false"/>
    <property name="java.vm.vendor" value="Oracle Corporation"/>
    <property name="maven.multiModuleProjectDirectory" value="/Volumes/Data/Sauce/Java-RDC-Web"/>
    <property name="java.vendor.url" value="http://java.oracle.com/"/>
    <property name="path.separator" value=":"/>
    <property name="guice.disable.misplaced.annotation.check" value="true"/>
    <property name="java.vm.name" value="Java HotSpot(TM) 64-Bit Server VM"/>
    <property name="file.encoding.pkg" value="sun.io"/>
    <property name="user.country" value="US"/>
    <property name="sun.java.launcher" value="SUN_STANDARD"/>
    <property name="sun.os.patch.level" value="unknown"/>
    <property name="java.vm.specification.name" value="Java Virtual Machine Specification"/>
    <property name="user.dir" value="/Volumes/Data/Sauce/Java-RDC-Web"/>
    <property name="java.runtime.version" value="1.8.0_271-b09"/>
    <property name="java.awt.graphicsenv" value="sun.awt.CGraphicsEnvironment"/>
    <property name="java.endorsed.dirs" value="/Library/Java/JavaVirtualMachines/jdk1.8.0_271.jdk/Contents/Home/jre/lib/endorsed"/>
    <property name="os.arch" value="x86_64"/>
    <property name="java.io.tmpdir" value="/var/folders/yf/7894dgsj0vd0r75b7tfbsty00000gn/T/"/>
    <property name="line.separator" value="&#10;"/>
    <property name="java.vm.specification.vendor" value="Oracle Corporation"/>
    <property name="os.name" value="Mac OS X"/>
    <property name="classworlds.conf" value="/Library/apache-maven-3.6.3/bin/m2.conf"/>
    <property name="sun.jnu.encoding" value="UTF-8"/>
    <property name="java.library.path" value="/Users/frankleyenaar/Library/Java/Extensions:/Library/Java/Extensions:/Network/Library/Java/Extensions:/System/Library/Java/Extensions:/usr/lib/java:."/>
    <property name="maven.conf" value="/Library/apache-maven-3.6.3/conf"/>
    <property name="java.specification.name" value="Java Platform API Specification"/>
    <property name="java.class.version" value="52.0"/>
    <property name="sun.management.compiler" value="HotSpot 64-Bit Tiered Compilers"/>
    <property name="os.version" value="10.16"/>
    <property name="library.jansi.path" value="/Library/apache-maven-3.6.3/lib/jansi-native"/>
    <property name="http.nonProxyHosts" value="local|*.local|169.254/16|*.169.254/16"/>
    <property name="user.home" value="/Users/frankleyenaar"/>
    <property name="user.timezone" value="America/New_York"/>
    <property name="java.awt.printerjob" value="sun.lwawt.macosx.CPrinterJob"/>
    <property name="java.specification.version" value="1.8"/>
    <property name="file.encoding" value="UTF-8"/>
    <property name="user.name" value="frankleyenaar"/>
    <property name="java.class.path" value="/Library/apache-maven-3.6.3/boot/plexus-classworlds-2.6.0.jar"/>
    <property name="java.vm.specification.version" value="1.8"/>
    <property name="sun.arch.data.model" value="64"/>
    <property name="java.home" value="/Library/Java/JavaVirtualMachines/jdk1.8.0_271.jdk/Contents/Home/jre"/>
    <property name="sun.java.command" value="org.codehaus.plexus.classworlds.launcher.Launcher test"/>
    <property name="java.specification.vendor" value="Oracle Corporation"/>
    <property name="user.language" value="en"/>
    <property name="awt.toolkit" value="sun.lwawt.macosx.LWCToolkit"/>
    <property name="java.vm.info" value="mixed mode"/>
    <property name="java.version" value="1.8.0_271"/>
    <property name="java.ext.dirs" value="/Users/frankleyenaar/Library/Java/Extensions:/Library/Java/JavaVirtualMachines/jdk1.8.0_271.jdk/Contents/Home/jre/lib/ext:/Library/Java/Extensions:/Network/Library/Java/Extensions:/System/Library/Java/Extensions:/usr/lib/java"/>
    <property name="sun.boot.class.path" value="/Library/Java/JavaVirtualMachines/jdk1.8.0_271.jdk/Contents/Home/jre/lib/resources.jar:/Library/Java/JavaVirtualMachines/jdk1.8.0_271.jdk/Contents/Home/jre/lib/rt.jar:/Library/Java/JavaVirtualMachines/jdk1.8.0_271.jdk/Contents/Home/jre/lib/sunrsasign.jar:/Library/Java/JavaVirtualMachines/jdk1.8.0_271.jdk/Contents/Home/jre/lib/jsse.jar:/Library/Java/JavaVirtualMachines/jdk1.8.0_271.jdk/Contents/Home/jre/lib/jce.jar:/Library/Java/JavaVirtualMachines/jdk1.8.0_271.jdk/Contents/Home/jre/lib/charsets.jar:/Library/Java/JavaVirtualMachines/jdk1.8.0_271.jdk/Contents/Home/jre/lib/jfr.jar:/Library/Java/JavaVirtualMachines/jdk1.8.0_271.jdk/Contents/Home/jre/classes"/>
    <property name="java.vendor" value="Oracle Corporation"/>
    <property name="maven.home" value="/Library/apache-maven-3.6.3"/>
    <property name="file.separator" value="/"/>
    <property name="java.vendor.url.bug" value="http://bugreport.sun.com/bugreport/"/>
    <property name="sun.cpu.endian" value="little"/>
    <property name="sun.io.unicode.encoding" value="UnicodeBig"/>
    <property name="socksNonProxyHosts" value="local|*.local|169.254/16|*.169.254/16"/>
    <property name="ftp.nonProxyHosts" value="local|*.local|169.254/16|*.169.254/16"/>
    <property name="sun.cpu.isalist" value=""/>
  </properties>
  <testcase name="demoPageTitle" classname="com.yourcompany.SampleSauceTest" time="23.156"/>
  <testcase name="demoPageTitle" classname="com.yourcompany.SampleSauceTest" time="23.928"/>
  <testcase name="demoPageTitle" classname="com.yourcompany.SampleSauceTest" time="29.302"/>
  <testcase name="demoPageTitle" classname="com.yourcompany.SampleSauceTest" time="34.47"/>
  <testcase name="validLoginFlow" classname="com.yourcompany.SampleSauceTest" time="25.929"/>
  <testcase name="validLoginFlow" classname="com.yourcompany.SampleSauceTest" time="32.317"/>
  <testcase name="validLoginFlow" classname="com.yourcompany.SampleSauceTest" time="49.976"/>
  <testcase name="validLoginFlow" classname="com.yourcompany.SampleSauceTest" time="111.2"/>
  <testcase name="problemLoginFlow" classname="com.yourcompany.SampleSauceTest" time="25.951"/>
  <testcase name="problemLoginFlow" classname="com.yourcompany.SampleSauceTest" time="30.792"/>
  <testcase name="problemLoginFlow" classname="com.yourcompany.SampleSauceTest" time="31.686"/>
  <testcase name="problemLoginFlow" classname="com.yourcompany.SampleSauceTest" time="35.697"/>
  <testcase name="invalidLoginFlow" classname="com.yourcompany.SampleSauceTest" time="39.01">
    <failure message="Expected condition failed: waiting for visibility of element located by By.cssSelector: #login_button_container &gt; div &gt; form &gt; h3 (tried for 15 second(s) with 500 milliseconds interval)" type="org.openqa.selenium.TimeoutException">org.openqa.selenium.TimeoutException: Expected condition failed: waiting for visibility of element located by By.cssSelector: #login_button_container > div > form > h3 (tried for 15 second(s) with 500 milliseconds interval)
	at com.yourcompany.SampleSauceTest.isErrorPresent(SampleSauceTest.java:220)
	at com.yourcompany.SampleSauceTest.invalidLoginFlow(SampleSauceTest.java:151)
Caused by: org.openqa.selenium.NoSuchElementException: 
Cannot locate an element using By.cssSelector: #login_button_container > div > form > h3
For documentation on this error, please visit: http://seleniumhq.org/exceptions/no_such_element.html
Build info: version: '3.14.0', revision: 'aacccce0', time: '2018-08-02T20:19:58.91Z'
System info: host: 'SL-1549.local', ip: 'fe80:0:0:0:100c:fdc3:3c7c:c50a%en0', os.name: 'Mac OS X', os.arch: 'x86_64', os.version: '10.16', java.version: '1.8.0_271'
Driver info: driver.version: unknown
	at com.yourcompany.SampleSauceTest.isErrorPresent(SampleSauceTest.java:220)
	at com.yourcompany.SampleSauceTest.invalidLoginFlow(SampleSauceTest.java:151)
</failure>
  </testcase>
  <testcase name="invalidLoginFlow" classname="com.yourcompany.SampleSauceTest" time="41.912">
    <failure message="Expected condition failed: waiting for visibility of element located by By.cssSelector: #login_button_container &gt; div &gt; form &gt; h3 (tried for 15 second(s) with 500 milliseconds interval)" type="org.openqa.selenium.TimeoutException">org.openqa.selenium.TimeoutException: Expected condition failed: waiting for visibility of element located by By.cssSelector: #login_button_container > div > form > h3 (tried for 15 second(s) with 500 milliseconds interval)
	at com.yourcompany.SampleSauceTest.isErrorPresent(SampleSauceTest.java:220)
	at com.yourcompany.SampleSauceTest.invalidLoginFlow(SampleSauceTest.java:151)
Caused by: org.openqa.selenium.NoSuchElementException: 
Cannot locate an element using By.cssSelector: #login_button_container > div > form > h3
For documentation on this error, please visit: http://seleniumhq.org/exceptions/no_such_element.html
Build info: version: '3.14.0', revision: 'aacccce0', time: '2018-08-02T20:19:58.91Z'
System info: host: 'SL-1549.local', ip: 'fe80:0:0:0:100c:fdc3:3c7c:c50a%en0', os.name: 'Mac OS X', os.arch: 'x86_64', os.version: '10.16', java.version: '1.8.0_271'
Driver info: driver.version: unknown
	at com.yourcompany.SampleSauceTest.isErrorPresent(SampleSauceTest.java:220)
	at com.yourcompany.SampleSauceTest.invalidLoginFlow(SampleSauceTest.java:151)
</failure>
    <system-out><![CDATA[WebDriverRemoteWebDriver: Chrome on LINUX (4e944edc-fd54-48ab-8324-8c9fc92e2d80)
SauceOnDemandSessionID=4e944edc-fd54-48ab-8324-8c9fc92e2d80 job-name=validLoginFlow
]]></system-out>
    <system-err><![CDATA[May 12, 2022 10:48:43 AM org.openqa.selenium.remote.ProtocolHandshake createSession
INFO: Detected dialect: OSS
]]></system-err>
  </testcase>
  <testcase name="invalidLoginFlow" classname="com.yourcompany.SampleSauceTest" time="44.551">
    <failure message="Expected condition failed: waiting for visibility of element located by By.cssSelector: #login_button_container &gt; div &gt; form &gt; h3 (tried for 15 second(s) with 500 milliseconds interval)" type="org.openqa.selenium.TimeoutException">org.openqa.selenium.TimeoutException: Expected condition failed: waiting for visibility of element located by By.cssSelector: #login_button_container > div > form > h3 (tried for 15 second(s) with 500 milliseconds interval)
	at com.yourcompany.SampleSauceTest.isErrorPresent(SampleSauceTest.java:220)
	at com.yourcompany.SampleSauceTest.invalidLoginFlow(SampleSauceTest.java:151)
Caused by: org.openqa.selenium.NoSuchElementException: 
Cannot locate an element using By.cssSelector: #login_button_container > div > form > h3
For documentation on this error, please visit: http://seleniumhq.org/exceptions/no_such_element.html
Build info: version: '3.14.0', revision: 'aacccce0', time: '2018-08-02T20:19:58.91Z'
System info: host: 'SL-1549.local', ip: 'fe80:0:0:0:100c:fdc3:3c7c:c50a%en0', os.name: 'Mac OS X', os.arch: 'x86_64', os.version: '10.16', java.version: '1.8.0_271'
Driver info: driver.version: unknown
	at com.yourcompany.SampleSauceTest.isErrorPresent(SampleSauceTest.java:220)
	at com.yourcompany.SampleSauceTest.invalidLoginFlow(SampleSauceTest.java:151)
</failure>
  </testcase>
  <testcase name="invalidLoginFlow" classname="com.yourcompany.SampleSauceTest" time="72.129">
    <failure message="Expected condition failed: waiting for visibility of element located by By.cssSelector: #login_button_container &gt; div &gt; form &gt; h3 (tried for 15 second(s) with 500 milliseconds interval)" type="org.openqa.selenium.TimeoutException">org.openqa.selenium.TimeoutException: Expected condition failed: waiting for visibility of element located by By.cssSelector: #login_button_container > div > form > h3 (tried for 15 second(s) with 500 milliseconds interval)
	at com.yourcompany.SampleSauceTest.isErrorPresent(SampleSauceTest.java:220)
	at com.yourcompany.SampleSauceTest.invalidLoginFlow(SampleSauceTest.java:151)
Caused by: org.openqa.selenium.NoSuchElementException: 
Cannot locate an element using By.cssSelector: #login_button_container > div > form > h3
For documentation on this error, please visit: http://seleniumhq.org/exceptions/no_such_element.html
Build info: version: '3.14.0', revision: 'aacccce0', time: '2018-08-02T20:19:58.91Z'
System info: host: 'SL-1549.local', ip: 'fe80:0:0:0:100c:fdc3:3c7c:c50a%en0', os.name: 'Mac OS X', os.arch: 'x86_64', os.version: '10.16', java.version: '1.8.0_271'
Driver info: driver.version: unknown
	at com.yourcompany.SampleSauceTest.isErrorPresent(SampleSauceTest.java:220)
	at com.yourcompany.SampleSauceTest.invalidLoginFlow(SampleSauceTest.java:151)
</failure>
    <system-out><![CDATA[WebDriverRemoteWebDriver: Chrome on LINUX (3d47bdc3-ebba-4cce-8839-de0396c3a987)
SauceOnDemandSessionID=3d47bdc3-ebba-4cce-8839-de0396c3a987 job-name=invalidLoginFlow
WebDriverRemoteWebDriver: safari on MAC (f1625fa9-dd74-46c1-a9f4-ad2c7dc996c4)
SauceOnDemandSessionID=f1625fa9-dd74-46c1-a9f4-ad2c7dc996c4 job-name=lockedOutLoginFlow
WebDriverRemoteWebDriver: Chrome on LINUX (3951a62a-158b-4151-bf0d-64c05256660f)
SauceOnDemandSessionID=3951a62a-158b-4151-bf0d-64c05256660f job-name=lockedOutLoginFlow
]]></system-out>
    <system-err><![CDATA[May 12, 2022 10:48:53 AM org.openqa.selenium.remote.ProtocolHandshake createSession
INFO: Detected dialect: OSS
May 12, 2022 10:48:58 AM org.openqa.selenium.remote.ProtocolHandshake createSession
INFO: Detected dialect: OSS
May 12, 2022 10:49:03 AM org.openqa.selenium.remote.ProtocolHandshake createSession
INFO: Detected dialect: OSS
]]></system-err>
  </testcase>
  <testcase name="lockedOutLoginFlow" classname="com.yourcompany.SampleSauceTest" time="39.673">
    <failure message="Expected condition failed: waiting for visibility of element located by By.cssSelector: #login_button_container &gt; div &gt; form &gt; h3 (tried for 15 second(s) with 500 milliseconds interval)" type="org.openqa.selenium.TimeoutException">org.openqa.selenium.TimeoutException: Expected condition failed: waiting for visibility of element located by By.cssSelector: #login_button_container > div > form > h3 (tried for 15 second(s) with 500 milliseconds interval)
	at com.yourcompany.SampleSauceTest.isErrorPresent(SampleSauceTest.java:220)
	at com.yourcompany.SampleSauceTest.lockedOutLoginFlow(SampleSauceTest.java:183)
Caused by: org.openqa.selenium.NoSuchElementException: 
Cannot locate an element using By.cssSelector: #login_button_container > div > form > h3
For documentation on this error, please visit: http://seleniumhq.org/exceptions/no_such_element.html
Build info: version: '3.14.0', revision: 'aacccce0', time: '2018-08-02T20:19:58.91Z'
System info: host: 'SL-1549.local', ip: 'fe80:0:0:0:100c:fdc3:3c7c:c50a%en0', os.name: 'Mac OS X', os.arch: 'x86_64', os.version: '10.16', java.version: '1.8.0_271'
Driver info: driver.version: unknown
	at com.yourcompany.SampleSauceTest.isErrorPresent(SampleSauceTest.java:220)
	at com.yourcompany.SampleSauceTest.lockedOutLoginFlow(SampleSauceTest.java:183)
</failure>
  </testcase>
  <testcase name="lockedOutLoginFlow" classname="com.yourcompany.SampleSauceTest" time="40.541">
    <failure message="Expected condition failed: waiting for visibility of element located by By.cssSelector: #login_button_container &gt; div &gt; form &gt; h3 (tried for 15 second(s) with 500 milliseconds interval)" type="org.openqa.selenium.TimeoutException">org.openqa.selenium.TimeoutException: Expected condition failed: waiting for visibility of element located by By.cssSelector: #login_button_container > div > form > h3 (tried for 15 second(s) with 500 milliseconds interval)
	at com.yourcompany.SampleSauceTest.isErrorPresent(SampleSauceTest.java:220)
	at com.yourcompany.SampleSauceTest.lockedOutLoginFlow(SampleSauceTest.java:183)
Caused by: org.openqa.selenium.NoSuchElementException: 
Cannot locate an element using By.cssSelector: #login_button_container > div > form > h3
For documentation on this error, please visit: http://seleniumhq.org/exceptions/no_such_element.html
Build info: version: '3.14.0', revision: 'aacccce0', time: '2018-08-02T20:19:58.91Z'
System info: host: 'SL-1549.local', ip: 'fe80:0:0:0:100c:fdc3:3c7c:c50a%en0', os.name: 'Mac OS X', os.arch: 'x86_64', os.version: '10.16', java.version: '1.8.0_271'
Driver info: driver.version: unknown
	at com.yourcompany.SampleSauceTest.isErrorPresent(SampleSauceTest.java:220)
	at com.yourcompany.SampleSauceTest.lockedOutLoginFlow(SampleSauceTest.java:183)
</failure>
  </testcase>
  <testcase name="lockedOutLoginFlow" classname="com.yourcompany.SampleSauceTest" time="80.522">
    <failure message="Expected condition failed: waiting for visibility of element located by By.cssSelector: #login_button_container &gt; div &gt; form &gt; h3 (tried for 15 second(s) with 500 milliseconds interval)" type="org.openqa.selenium.TimeoutException">org.openqa.selenium.TimeoutException: Expected condition failed: waiting for visibility of element located by By.cssSelector: #login_button_container > div > form > h3 (tried for 15 second(s) with 500 milliseconds interval)
	at com.yourcompany.SampleSauceTest.isErrorPresent(SampleSauceTest.java:220)
	at com.yourcompany.SampleSauceTest.lockedOutLoginFlow(SampleSauceTest.java:183)
Caused by: org.openqa.selenium.NoSuchElementException: 
Cannot locate an element using By.cssSelector: #login_button_container > div > form > h3
For documentation on this error, please visit: http://seleniumhq.org/exceptions/no_such_element.html
Build info: version: '3.14.0', revision: 'aacccce0', time: '2018-08-02T20:19:58.91Z'
System info: host: 'SL-1549.local', ip: 'fe80:0:0:0:100c:fdc3:3c7c:c50a%en0', os.name: 'Mac OS X', os.arch: 'x86_64', os.version: '10.16', java.version: '1.8.0_271'
Driver info: driver.version: unknown
	at com.yourcompany.SampleSauceTest.isErrorPresent(SampleSauceTest.java:220)
	at com.yourcompany.SampleSauceTest.lockedOutLoginFlow(SampleSauceTest.java:183)
</failure>
  </testcase>
  <testcase name="lockedOutLoginFlow" classname="com.yourcompany.SampleSauceTest" time="83.23">
    <failure message="Expected condition failed: waiting for visibility of element located by By.cssSelector: #login_button_container &gt; div &gt; form &gt; h3 (tried for 15 second(s) with 500 milliseconds interval)" type="org.openqa.selenium.TimeoutException">org.openqa.selenium.TimeoutException: Expected condition failed: waiting for visibility of element located by By.cssSelector: #login_button_container > div > form > h3 (tried for 15 second(s) with 500 milliseconds interval)
	at com.yourcompany.SampleSauceTest.isErrorPresent(SampleSauceTest.java:220)
	at com.yourcompany.SampleSauceTest.lockedOutLoginFlow(SampleSauceTest.java:183)
Caused by: org.openqa.selenium.NoSuchElementException: 
Cannot locate an element using By.cssSelector: #login_button_container > div > form > h3
For documentation on this error, please visit: http://seleniumhq.org/exceptions/no_such_element.html
Build info: version: '3.14.0', revision: 'aacccce0', time: '2018-08-02T20:19:58.91Z'
System info: host: 'SL-1549.local', ip: 'fe80:0:0:0:100c:fdc3:3c7c:c50a%en0', os.name: 'Mac OS X', os.arch: 'x86_64', os.version: '10.16', java.version: '1.8.0_271'
Driver info: driver.version: unknown
	at com.yourcompany.SampleSauceTest.isErrorPresent(SampleSauceTest.java:220)
	at com.yourcompany.SampleSauceTest.lockedOutLoginFlow(SampleSauceTest.java:183)
</failure>
  </testcase>
</testsuite>